<?xml version="1.0" encoding="UTF-8"?>
<!-- Generated by org.testng.reporters.JUnitXMLReporter -->
<testsuite hostname="adem.local" name="Google Test" tests="4" failures="0" timestamp="4 Aug 2020 03:59:14 GMT" time="16.185" errors="0">
  <testcase name="googleTitleTest_1" time="7.079" classname="com.myTest.GoogleTest"/>
  <testcase name="googleTitleTest_2" time="13.456" classname="com.myTest.GoogleTest"/>
  <testcase name="googleTitleTest_3" time="1.503" classname="com.myTest.GoogleTest"/>
  <testcase name="googleTitleTest_4" time="7.828" classname="com.myTest.GoogleTest"/>
</testsuite> <!-- Google Test -->
